[debug] [2025-11-09T02:05:05.940Z] ----------------------------------------------------------------------
[debug] [2025-11-09T02:05:05.953Z] Command:       C:\Program Files\nodejs\node.exe C:\Users\Somesh\AppData\Roaming\npm\node_modules\firebase-tools\lib\bin\firebase.js init
[debug] [2025-11-09T02:05:05.954Z] CLI Version:   14.24.1
[debug] [2025-11-09T02:05:05.955Z] Platform:      win32
[debug] [2025-11-09T02:05:05.955Z] Node Version:  v20.16.0
[debug] [2025-11-09T02:05:05.955Z] Time:          Sun Nov 09 2025 07:35:05 GMT+0530 (India Standard Time)
[debug] [2025-11-09T02:05:05.955Z] ----------------------------------------------------------------------
[debug] 
[info] 
     ######## #### ########  ######## ########     ###     ######  ########
     ##        ##  ##     ## ##       ##     ##  ##   ##  ##       ##
     ######    ##  ########  ######   ########  #########  ######  ######
     ##        ##  ##    ##  ##       ##     ## ##     ##       ## ##
     ##       #### ##     ## ######## ########  ##     ##  ######  ########

You're about to initialize a Firebase project in this directory:

  C:\Users\Somesh\OneDrive\Desktop\BugByters

[info] 
=== Project Setup
[info] 
[info] First, let's associate this project directory with a Firebase project.
[info] You can create multiple project aliases by running firebase use --add, 
[info] 
[debug] [2025-11-09T02:06:08.853Z] > command requires scopes: ["email","openid","https://www.googleapis.com/auth/cloudplatformprojects.readonly","https://www.googleapis.com/auth/firebase","https://www.googleapis.com/auth/cloud-platform"]
[debug] [2025-11-09T02:06:08.854Z] > authorizing via signed-in user (someshsawant134@gmail.com)
[debug] [2025-11-09T02:06:08.860Z] Checked if tokens are valid: false, expires at: 1762625002150
[debug] [2025-11-09T02:06:08.861Z] Checked if tokens are valid: false, expires at: 1762625002150
[debug] [2025-11-09T02:06:08.861Z] > refreshing access token with scopes: []
[debug] [2025-11-09T02:06:08.866Z] >>> [apiv2][query] POST https://www.googleapis.com/oauth2/v3/token [none]
[debug] [2025-11-09T02:06:08.866Z] >>> [apiv2][body] POST https://www.googleapis.com/oauth2/v3/token [omitted]
[debug] [2025-11-09T02:06:09.321Z] <<< [apiv2][status] POST https://www.googleapis.com/oauth2/v3/token 200
[debug] [2025-11-09T02:06:09.321Z] <<< [apiv2][body] POST https://www.googleapis.com/oauth2/v3/token [omitted]
[debug] [2025-11-09T02:06:09.344Z] >>> [apiv2][query] GET https://firebase.googleapis.com/v1beta1/projects/campus-connect-27e8e [none]
[debug] [2025-11-09T02:06:10.273Z] <<< [apiv2][status] GET https://firebase.googleapis.com/v1beta1/projects/campus-connect-27e8e 200
[debug] [2025-11-09T02:06:10.274Z] <<< [apiv2][body] GET https://firebase.googleapis.com/v1beta1/projects/campus-connect-27e8e {"projectId":"campus-connect-27e8e","projectNumber":"1093775901397","displayName":"Campus Connect","name":"projects/campus-connect-27e8e","resources":{"hostingSite":"campus-connect-27e8e","realtimeDatabaseInstance":"campus-connect-27e8e-default-rtdb"},"state":"ACTIVE","etag":"1_89538045-99ab-4efa-b3eb-e2b6d86ad4e6"}
[info] i  Using project campus-connect-27e8e (Campus Connect) . 
[info] 
=== Dataconnect Setup
[debug] [2025-11-09T02:06:10.303Z] Checked if tokens are valid: true, expires at: 1762657568322
[debug] [2025-11-09T02:06:10.303Z] Checked if tokens are valid: true, expires at: 1762657568322
[debug] [2025-11-09T02:06:10.304Z] >>> [apiv2][query] GET https://cloudbilling.googleapis.com/v1/projects/campus-connect-27e8e/billingInfo [none]
[debug] [2025-11-09T02:06:11.333Z] <<< [apiv2][status] GET https://cloudbilling.googleapis.com/v1/projects/campus-connect-27e8e/billingInfo 200
[debug] [2025-11-09T02:06:11.334Z] <<< [apiv2][body] GET https://cloudbilling.googleapis.com/v1/projects/campus-connect-27e8e/billingInfo {"name":"projects/campus-connect-27e8e/billingInfo","projectId":"campus-connect-27e8e","billingAccountName":"","billingEnabled":false}
[info] i  dataconnect: ensuring required API firebasedataconnect.googleapis.com is enabled... 
[info] i  dataconnect: ensuring required API sqladmin.googleapis.com is enabled... 
[debug] [2025-11-09T02:06:11.340Z] Checked if tokens are valid: true, expires at: 1762657568322
[debug] [2025-11-09T02:06:11.340Z] Checked if tokens are valid: true, expires at: 1762657568322
[debug] [2025-11-09T02:06:11.341Z] >>> [apiv2][query] GET https://firebasedataconnect.googleapis.com/v1/projects/campus-connect-27e8e/locations/-/services [none]
[debug] [2025-11-09T02:06:13.540Z] <<< [apiv2][status] GET https://firebasedataconnect.googleapis.com/v1/projects/campus-connect-27e8e/locations/-/services 200
[debug] [2025-11-09T02:06:13.541Z] <<< [apiv2][body] GET https://firebasedataconnect.googleapis.com/v1/projects/campus-connect-27e8e/locations/-/services {"services":[{"name":"projects/campus-connect-27e8e/locations/us-central1/services/bugbyters","createTime":"2025-11-08T17:12:42.897321185Z","updateTime":"2025-11-08T17:13:59.955986860Z","uid":"57d5c563-fd10-4061-9635-14b199e56866","reconciling":false,"etag":"TNyMqORQteuPrmqhamzxOMxfzTZzh0sY3X9l3bjygAM"}]}
[debug] [2025-11-09T02:06:39.403Z] Checked if tokens are valid: true, expires at: 1762657568322
[debug] [2025-11-09T02:06:39.403Z] Checked if tokens are valid: true, expires at: 1762657568322
[debug] [2025-11-09T02:06:39.404Z] >>> [apiv2][query] GET https://firebasedataconnect.googleapis.com/v1/projects/campus-connect-27e8e/locations/us-central1/services/bugbyters/schemas/main [none]
[debug] [2025-11-09T02:06:41.205Z] <<< [apiv2][status] GET https://firebasedataconnect.googleapis.com/v1/projects/campus-connect-27e8e/locations/us-central1/services/bugbyters/schemas/main 200
[debug] [2025-11-09T02:06:41.205Z] <<< [apiv2][body] GET https://firebasedataconnect.googleapis.com/v1/projects/campus-connect-27e8e/locations/us-central1/services/bugbyters/schemas/main {"name":"projects/campus-connect-27e8e/locations/us-central1/services/bugbyters/schemas/main","createTime":"2025-11-08T17:12:54.220866720Z","updateTime":"2025-11-08T17:13:59.962007009Z","source":{"files":[{"path":"schema.gql","content":"type User @table {\n  firstName: String!\n  lastName: String!\n  email: String!\n  university: String!\n  academicProgram: String!\n  createdAt: Timestamp!\n  bio: String\n  profilePictureUrl: String\n  graduationYear: Int\n}\n\ntype Skill @table {\n  name: String!\n  createdAt: Timestamp!\n}\n\ntype UserSkill @table(key: [\"user\", \"skill\"]) {\n  user: User!\n  skill: Skill!\n  proficiencyLevel: String!\n}\n\ntype Project @table {\n  creator: User!\n  title: String!\n  description: String!\n  projectType: String!\n  createdAt: Timestamp!\n  deadline: Timestamp\n  requirements: String\n  teamSize: Int\n}\n\ntype ProjectSkill @table(key: [\"project\", \"skill\"]) {\n  project: Project!\n  skill: Skill!\n}\n\ntype Application @table {\n  applicant: User!\n  project: Project!\n  status: String!\n  createdAt: Timestamp!\n  message: String\n}\n\ntype Conversation @table {\n  participant1: User!\n  participant2: User!\n  createdAt: Timestamp!\n  updatedAt: Timestamp!\n}"}]},"uid":"91ca5d7b-3588-4f8e-bd85-fdb7dd857c20","reconciling":false,"datasources":[{"postgresql":{"ephemeral":true}}],"etag":"0LQ4wWBu-9dLegFdFyvdj_1o1NWAbZ2AFMbv-w_aJRc"}
[debug] [2025-11-09T02:06:41.207Z] Checked if tokens are valid: true, expires at: 1762657568322
[debug] [2025-11-09T02:06:41.207Z] Checked if tokens are valid: true, expires at: 1762657568322
[debug] [2025-11-09T02:06:41.209Z] >>> [apiv2][query] GET https://firebasedataconnect.googleapis.com/v1/projects/campus-connect-27e8e/locations/us-central1/services/bugbyters/connectors pageSize=100&pageToken=&fields=connectors.name%2Cconnectors.source.files
[debug] [2025-11-09T02:06:41.581Z] <<< [apiv2][status] GET https://firebasedataconnect.googleapis.com/v1/projects/campus-connect-27e8e/locations/us-central1/services/bugbyters/connectors 200
[debug] [2025-11-09T02:06:41.581Z] <<< [apiv2][body] GET https://firebasedataconnect.googleapis.com/v1/projects/campus-connect-27e8e/locations/us-central1/services/bugbyters/connectors {}
[info] +  dataconnect: Detected existing apps . (web), functions (admin_node), campus-connect (admin_node), backend (admin_node) 
[info] i  dataconnect\dataconnect.yaml is unchanged 
[info] i  dataconnect\schema\schema.gql is unchanged 
[info] i  Skipping write of dataconnect\example\connector.yaml 
[info] +  Wrote dataconnect\example\connector.yaml 
[info] i  dataconnect: Installing the generated SDKs ... 
[debug] [2025-11-09T02:07:49.272Z] defaultcredentials: writing to file C:\Users\Somesh\AppData\Roaming\firebase\someshsawant134_gmail_com_application_default_credentials.json
[error] !!  dataconnect: Failed to generate Data Connect SDKs
Command failed with exit code 1 
[info] +  dataconnect: Installed generated SDKs for . (web) 
[info] 
=== Firestore Setup
[info] i  firestore: ensuring required API firestore.googleapis.com is enabled... 
[debug] [2025-11-09T02:07:49.961Z] Checked if tokens are valid: true, expires at: 1762657568322
[debug] [2025-11-09T02:07:49.961Z] Checked if tokens are valid: true, expires at: 1762657568322
[debug] [2025-11-09T02:07:49.961Z] >>> [apiv2][query] GET https://firestore.googleapis.com/v1/projects/campus-connect-27e8e/databases [none]
[debug] [2025-11-09T02:07:50.936Z] <<< [apiv2][status] GET https://firestore.googleapis.com/v1/projects/campus-connect-27e8e/databases 200
[debug] [2025-11-09T02:07:50.936Z] <<< [apiv2][body] GET https://firestore.googleapis.com/v1/projects/campus-connect-27e8e/databases {}
[debug] [2025-11-09T02:07:50.937Z] Checked if tokens are valid: true, expires at: 1762657568322
[debug] [2025-11-09T02:07:50.937Z] Checked if tokens are valid: true, expires at: 1762657568322
[debug] [2025-11-09T02:07:50.938Z] >>> [apiv2][query] GET https://firestore.googleapis.com/v1/projects/campus-connect-27e8e/locations [none]
[debug] [2025-11-09T02:07:51.186Z] <<< [apiv2][status] GET https://firestore.googleapis.com/v1/projects/campus-connect-27e8e/locations 200
[debug] [2025-11-09T02:07:51.186Z] <<< [apiv2][body] GET https://firestore.googleapis.com/v1/projects/campus-connect-27e8e/locations {"locations":[{"name":"projects/campus-connect-27e8e/locations/eur3","labels":{"appengine.googleapis.com/geo":"europe-west","cloud.googleapis.com/location":"eur3","cloud.googleapis.com/geo":"eur3"},"metadata":{"@type":"type.googleapis.com/google.firestore.admin.v1.LocationMetadata"},"locationId":"eur3","displayName":"Europe"},{"name":"projects/campus-connect-27e8e/locations/nam5","labels":{"appengine.googleapis.com/geo":"us-central","cloud.googleapis.com/location":"nam5","cloud.googleapis.com/geo":"nam5"},"metadata":{"@type":"type.googleapis.com/google.firestore.admin.v1.LocationMetadata"},"locationId":"nam5","displayName":"United States"},{"name":"projects/campus-connect-27e8e/locations/nam7","labels":{"cloud.googleapis.com/location":"nam7","cloud.googleapis.com/geo":"nam7"},"metadata":{"@type":"type.googleapis.com/google.firestore.admin.v1.LocationMetadata"},"locationId":"nam7","displayName":"United States"},{"name":"projects/campus-connect-27e8e/locations/africa-south1","labels":{"cloud.googleapis.com/location":"africa-south1","cloud.googleapis.com/region":"africa-south1"},"metadata":{"@type":"type.googleapis.com/google.firestore.admin.v1.LocationMetadata"},"locationId":"africa-south1","displayName":"Johannesburg"},{"name":"projects/campus-connect-27e8e/locations/asia-east1","labels":{"appengine.googleapis.com/region":"asia-east1","cloud.googleapis.com/location":"asia-east1","cloud.googleapis.com/region":"asia-east1"},"metadata":{"@type":"type.googleapis.com/google.firestore.admin.v1.LocationMetadata"},"locationId":"asia-east1","displayName":"Taiwan"},{"name":"projects/campus-connect-27e8e/locations/asia-east2","labels":{"appengine.googleapis.com/region":"asia-east2","cloud.googleapis.com/location":"asia-east2","cloud.googleapis.com/region":"asia-east2"},"metadata":{"@type":"type.googleapis.com/google.firestore.admin.v1.LocationMetadata"},"locationId":"asia-east2","displayName":"Hong Kong"},{"name":"projects/campus-connect-27e8e/locations/asia-northeast1","labels":{"appengine.googleapis.com/region":"asia-northeast1","cloud.googleapis.com/location":"asia-northeast1","cloud.googleapis.com/region":"asia-northeast1"},"metadata":{"@type":"type.googleapis.com/google.firestore.admin.v1.LocationMetadata"},"locationId":"asia-northeast1","displayName":"Tokyo"},{"name":"projects/campus-connect-27e8e/locations/asia-northeast2","labels":{"appengine.googleapis.com/region":"asia-northeast2","cloud.googleapis.com/location":"asia-northeast2","cloud.googleapis.com/region":"asia-northeast2"},"metadata":{"@type":"type.googleapis.com/google.firestore.admin.v1.LocationMetadata"},"locationId":"asia-northeast2","displayName":"Osaka"},{"name":"projects/campus-connect-27e8e/locations/asia-northeast3","labels":{"appengine.googleapis.com/region":"asia-northeast3","cloud.googleapis.com/location":"asia-northeast3","cloud.googleapis.com/region":"asia-northeast3"},"metadata":{"@type":"type.googleapis.com/google.firestore.admin.v1.LocationMetadata"},"locationId":"asia-northeast3","displayName":"Seoul"},{"name":"projects/campus-connect-27e8e/locations/asia-south1","labels":{"appengine.googleapis.com/region":"asia-south1","cloud.googleapis.com/location":"asia-south1","cloud.googleapis.com/region":"asia-south1"},"metadata":{"@type":"type.googleapis.com/google.firestore.admin.v1.LocationMetadata"},"locationId":"asia-south1","displayName":"Mumbai"},{"name":"projects/campus-connect-27e8e/locations/asia-south2","labels":{"cloud.googleapis.com/location":"asia-south2","cloud.googleapis.com/region":"asia-south2"},"metadata":{"@type":"type.googleapis.com/google.firestore.admin.v1.LocationMetadata"},"locationId":"asia-south2","displayName":"Delhi"},{"name":"projects/campus-connect-27e8e/locations/asia-southeast1","labels":{"appengine.googleapis.com/region":"asia-southeast1","cloud.googleapis.com/location":"asia-southeast1","cloud.googleapis.com/region":"asia-southeast1"},"metadata":{"@type":"type.googleapis.com/google.firestore.admin.v1.LocationMetadata"},"locationId":"asia-southeast1","displayName":"Singapore"},{"name":"projects/campus-connect-27e8e/locations/asia-southeast2","labels":{"appengine.googleapis.com/region":"asia-southeast2","cloud.googleapis.com/location":"asia-southeast2","cloud.googleapis.com/region":"asia-southeast2"},"metadata":{"@type":"type.googleapis.com/google.firestore.admin.v1.LocationMetadata"},"locationId":"asia-southeast2","displayName":"Jakarta"},{"name":"projects/campus-connect-27e8e/locations/australia-southeast1","labels":{"appengine.googleapis.com/region":"australia-southeast1","cloud.googleapis.com/location":"australia-southeast1","cloud.googleapis.com/region":"australia-southeast1"},"metadata":{"@type":"type.googleapis.com/google.firestore.admin.v1.LocationMetadata"},"locationId":"australia-southeast1","displayName":"Sydney"},{"name":"projects/campus-connect-27e8e/locations/australia-southeast2","labels":{"cloud.googleapis.com/location":"australia-southeast2","cloud.googleapis.com/region":"australia-southeast2"},"metadata":{"@type":"type.googleapis.com/google.firestore.admin.v1.LocationMetadata"},"locationId":"australia-southeast2","displayName":"Melbourne"},{"name":"projects/campus-connect-27e8e/locations/europe-central2","labels":{"appengine.googleapis.com/region":"europe-central2","cloud.googleapis.com/location":"europe-central2","cloud.googleapis.com/region":"europe-central2"},"metadata":{"@type":"type.googleapis.com/google.firestore.admin.v1.LocationMetadata"},"locationId":"europe-central2","displayName":"Warsaw"},{"name":"projects/campus-connect-27e8e/locations/europe-north1","labels":{"cloud.googleapis.com/location":"europe-north1","cloud.googleapis.com/region":"europe-north1"},"metadata":{"@type":"type.googleapis.com/google.firestore.admin.v1.LocationMetadata"},"locationId":"europe-north1","displayName":"Finland"},{"name":"projects/campus-connect-27e8e/locations/europe-north2","labels":{"cloud.googleapis.com/location":"europe-north2","cloud.googleapis.com/region":"europe-north2"},"metadata":{"@type":"type.googleapis.com/google.firestore.admin.v1.LocationMetadata"},"locationId":"europe-north2","displayName":"Stockholm"},{"name":"projects/campus-connect-27e8e/locations/europe-southwest1","labels":{"cloud.googleapis.com/location":"europe-southwest1","cloud.googleapis.com/region":"europe-southwest1"},"metadata":{"@type":"type.googleapis.com/google.firestore.admin.v1.LocationMetadata"},"locationId":"europe-southwest1","displayName":"Madrid"},{"name":"projects/campus-connect-27e8e/locations/europe-west1","labels":{"cloud.googleapis.com/location":"europe-west1","cloud.googleapis.com/region":"europe-west1"},"metadata":{"@type":"type.googleapis.com/google.firestore.admin.v1.LocationMetadata"},"locationId":"europe-west1","displayName":"Belgium"},{"name":"projects/campus-connect-27e8e/locations/europe-west10","labels":{"cloud.googleapis.com/location":"europe-west10","cloud.googleapis.com/region":"europe-west10"},"metadata":{"@type":"type.googleapis.com/google.firestore.admin.v1.LocationMetadata"},"locationId":"europe-west10","displayName":"Berlin"},{"name":"projects/campus-connect-27e8e/locations/europe-west12","labels":{"cloud.googleapis.com/location":"europe-west12","cloud.googleapis.com/region":"europe-west12"},"metadata":{"@type":"type.googleapis.com/google.firestore.admin.v1.LocationMetadata"},"locationId":"europe-west12","displayName":"Turin"},{"name":"projects/campus-connect-27e8e/locations/europe-west2","labels":{"appengine.googleapis.com/region":"europe-west2","cloud.googleapis.com/location":"europe-west2","cloud.googleapis.com/region":"europe-west2"},"metadata":{"@type":"type.googleapis.com/google.firestore.admin.v1.LocationMetadata"},"locationId":"europe-west2","displayName":"London"},{"name":"projects/campus-connect-27e8e/locations/europe-west3","labels":{"appengine.googleapis.com/region":"europe-west3","cloud.googleapis.com/location":"europe-west3","cloud.googleapis.com/region":"europe-west3"},"metadata":{"@type":"type.googleapis.com/google.firestore.admin.v1.LocationMetadata"},"locationId":"europe-west3","displayName":"Frankfurt"},{"name":"projects/campus-connect-27e8e/locations/europe-west4","labels":{"cloud.googleapis.com/location":"europe-west4","cloud.googleapis.com/region":"europe-west4"},"metadata":{"@type":"type.googleapis.com/google.firestore.admin.v1.LocationMetadata"},"locationId":"europe-west4","displayName":"Netherlands"},{"name":"projects/campus-connect-27e8e/locations/europe-west6","labels":{"appengine.googleapis.com/region":"europe-west6","cloud.googleapis.com/location":"europe-west6","cloud.googleapis.com/region":"europe-west6"},"metadata":{"@type":"type.googleapis.com/google.firestore.admin.v1.LocationMetadata"},"locationId":"europe-west6","displayName":"Zurich"},{"name":"projects/campus-connect-27e8e/locations/europe-west8","labels":{"cloud.googleapis.com/location":"europe-west8","cloud.googleapis.com/region":"europe-west8"},"metadata":{"@type":"type.googleapis.com/google.firestore.admin.v1.LocationMetadata"},"locationId":"europe-west8","displayName":"Milan"},{"name":"projects/campus-connect-27e8e/locations/europe-west9","labels":{"cloud.googleapis.com/location":"europe-west9","cloud.googleapis.com/region":"europe-west9"},"metadata":{"@type":"type.googleapis.com/google.firestore.admin.v1.LocationMetadata"},"locationId":"europe-west9","displayName":"Paris"},{"name":"projects/campus-connect-27e8e/locations/me-central1","labels":{"cloud.googleapis.com/location":"me-central1","cloud.googleapis.com/region":"me-central1"},"metadata":{"@type":"type.googleapis.com/google.firestore.admin.v1.LocationMetadata"},"locationId":"me-central1","displayName":"Doha"},{"name":"projects/campus-connect-27e8e/locations/me-central2","labels":{"cloud.googleapis.com/location":"me-central2","cloud.googleapis.com/region":"me-central2"},"metadata":{"@type":"type.googleapis.com/google.firestore.admin.v1.LocationMetadata"},"locationId":"me-central2","displayName":"Dammam"},{"name":"projects/campus-connect-27e8e/locations/me-west1","labels":{"cloud.googleapis.com/location":"me-west1","cloud.googleapis.com/region":"me-west1"},"metadata":{"@type":"type.googleapis.com/google.firestore.admin.v1.LocationMetadata"},"locationId":"me-west1","displayName":"Tel Aviv"},{"name":"projects/campus-connect-27e8e/locations/northamerica-northeast1","labels":{"appengine.googleapis.com/region":"northamerica-northeast1","cloud.googleapis.com/location":"northamerica-northeast1","cloud.googleapis.com/region":"northamerica-northeast1"},"metadata":{"@type":"type.googleapis.com/google.firestore.admin.v1.LocationMetadata"},"locationId":"northamerica-northeast1","displayName":"Montréal"},{"name":"projects/campus-connect-27e8e/locations/northamerica-northeast2","labels":{"cloud.googleapis.com/location":"northamerica-northeast2","cloud.googleapis.com/region":"northamerica-northeast2"},"metadata":{"@type":"type.googleapis.com/google.firestore.admin.v1.LocationMetadata"},"locationId":"northamerica-northeast2","displayName":"Toronto"},{"name":"projects/campus-connect-27e8e/locations/northamerica-south1","labels":{"cloud.googleapis.com/location":"northamerica-south1","cloud.googleapis.com/region":"northamerica-south1"},"metadata":{"@type":"type.googleapis.com/google.firestore.admin.v1.LocationMetadata"},"locationId":"northamerica-south1","displayName":"Mexico"},{"name":"projects/campus-connect-27e8e/locations/southamerica-east1","labels":{"appengine.googleapis.com/region":"southamerica-east1","cloud.googleapis.com/location":"southamerica-east1","cloud.googleapis.com/region":"southamerica-east1"},"metadata":{"@type":"type.googleapis.com/google.firestore.admin.v1.LocationMetadata"},"locationId":"southamerica-east1","displayName":"São Paulo"},{"name":"projects/campus-connect-27e8e/locations/southamerica-west1","labels":{"cloud.googleapis.com/location":"southamerica-west1","cloud.googleapis.com/region":"southamerica-west1"},"metadata":{"@type":"type.googleapis.com/google.firestore.admin.v1.LocationMetadata"},"locationId":"southamerica-west1","displayName":"Santiago"},{"name":"projects/campus-connect-27e8e/locations/us-central1","labels":{"cloud.googleapis.com/location":"us-central1","cloud.googleapis.com/region":"us-central1"},"metadata":{"@type":"type.googleapis.com/google.firestore.admin.v1.LocationMetadata"},"locationId":"us-central1","displayName":"Iowa"},{"name":"projects/campus-connect-27e8e/locations/us-east1","labels":{"appengine.googleapis.com/region":"us-east1","cloud.googleapis.com/location":"us-east1","cloud.googleapis.com/region":"us-east1"},"metadata":{"@type":"type.googleapis.com/google.firestore.admin.v1.LocationMetadata"},"locationId":"us-east1","displayName":"South Carolina"},{"name":"projects/campus-connect-27e8e/locations/us-east4","labels":{"appengine.googleapis.com/region":"us-east4","cloud.googleapis.com/location":"us-east4","cloud.googleapis.com/region":"us-east4"},"metadata":{"@type":"type.googleapis.com/google.firestore.admin.v1.LocationMetadata"},"locationId":"us-east4","displayName":"Northern Virginia"},{"name":"projects/campus-connect-27e8e/locations/us-east5","labels":{"cloud.googleapis.com/location":"us-east5","cloud.googleapis.com/region":"us-east5"},"metadata":{"@type":"type.googleapis.com/google.firestore.admin.v1.LocationMetadata"},"locationId":"us-east5","displayName":"Columbus"},{"name":"projects/campus-connect-27e8e/locations/us-south1","labels":{"cloud.googleapis.com/location":"us-south1","cloud.googleapis.com/region":"us-south1"},"metadata":{"@type":"type.googleapis.com/google.firestore.admin.v1.LocationMetadata"},"locationId":"us-south1","displayName":"Dallas"},{"name":"projects/campus-connect-27e8e/locations/us-west1","labels":{"appengine.googleapis.com/region":"us-west1","cloud.googleapis.com/location":"us-west1","cloud.googleapis.com/region":"us-west1"},"metadata":{"@type":"type.googleapis.com/google.firestore.admin.v1.LocationMetadata"},"locationId":"us-west1","displayName":"Oregon"},{"name":"projects/campus-connect-27e8e/locations/us-west2","labels":{"appengine.googleapis.com/region":"us-west2","cloud.googleapis.com/location":"us-west2","cloud.googleapis.com/region":"us-west2"},"metadata":{"@type":"type.googleapis.com/google.firestore.admin.v1.LocationMetadata"},"locationId":"us-west2","displayName":"Los Angeles"},{"name":"projects/campus-connect-27e8e/locations/us-west3","labels":{"appengine.googleapis.com/region":"us-west3","cloud.googleapis.com/location":"us-west3","cloud.googleapis.com/region":"us-west3"},"metadata":{"@type":"type.googleapis.com/google.firestore.admin.v1.LocationMetadata"},"locationId":"us-west3","displayName":"Salt Lake City"},{"name":"projects/campus-connect-27e8e/locations/us-west4","labels":{"appengine.googleapis.com/region":"us-west4","cloud.googleapis.com/location":"us-west4","cloud.googleapis.com/region":"us-west4"},"metadata":{"@type":"type.googleapis.com/google.firestore.admin.v1.LocationMetadata"},"locationId":"us-west4","displayName":"Las Vegas"}]}
[info] 
[info] Firestore Security Rules allow you to define how and when to allow
[info] requests. You can keep these rules in your project directory
[info] and publish them with firebase deploy.
[info] 
[debug] [2025-11-09T02:08:11.050Z] Checked if tokens are valid: true, expires at: 1762657568322
[debug] [2025-11-09T02:08:11.051Z] Checked if tokens are valid: true, expires at: 1762657568322
[debug] [2025-11-09T02:08:11.051Z] >>> [apiv2][query] GET https://firebaserules.googleapis.com/v1/projects/campus-connect-27e8e/releases pageSize=10&pageToken=
[debug] [2025-11-09T02:08:12.777Z] <<< [apiv2][status] GET https://firebaserules.googleapis.com/v1/projects/campus-connect-27e8e/releases 200
[debug] [2025-11-09T02:08:12.777Z] <<< [apiv2][body] GET https://firebaserules.googleapis.com/v1/projects/campus-connect-27e8e/releases {}
[info] 
[info] Firestore indexes allow you to perform complex queries while
[info] maintaining performance that scales with the size of the result
[info] set. You can keep index definitions in your project directory
[info] and publish them with firebase deploy.
[info] 
[debug] [2025-11-09T02:08:15.614Z] Checked if tokens are valid: true, expires at: 1762657568322
[debug] [2025-11-09T02:08:15.614Z] Checked if tokens are valid: true, expires at: 1762657568322
[debug] [2025-11-09T02:08:15.614Z] Checked if tokens are valid: true, expires at: 1762657568322
[debug] [2025-11-09T02:08:15.615Z] Checked if tokens are valid: true, expires at: 1762657568322
[debug] [2025-11-09T02:08:15.615Z] >>> [apiv2][query] GET https://firestore.googleapis.com/v1/projects/campus-connect-27e8e/databases/(default)/collectionGroups/-/indexes [none]
[debug] [2025-11-09T02:08:15.620Z] >>> [apiv2][query] GET https://firestore.googleapis.com/v1/projects/campus-connect-27e8e/databases/(default)/collectionGroups/-/fields?filter=indexConfig.usesAncestorConfig=false OR ttlConfig:* [none]
[debug] [2025-11-09T02:08:16.079Z] <<< [apiv2][status] GET https://firestore.googleapis.com/v1/projects/campus-connect-27e8e/databases/(default)/collectionGroups/-/indexes 404
[debug] [2025-11-09T02:08:16.080Z] <<< [apiv2][body] GET https://firestore.googleapis.com/v1/projects/campus-connect-27e8e/databases/(default)/collectionGroups/-/indexes {"error":{"code":404,"message":"Project 'campus-connect-27e8e' or database '(default)' does not exist.","status":"NOT_FOUND"}}
[info] +  Wrote n 
[info] +  Wrote m 
[info] 
=== Functions Setup
[debug] [2025-11-09T02:08:16.106Z] > command requires scopes: ["email","openid","https://www.googleapis.com/auth/cloudplatformprojects.readonly","https://www.googleapis.com/auth/firebase","https://www.googleapis.com/auth/cloud-platform"]
[debug] [2025-11-09T02:08:16.107Z] > authorizing via signed-in user (someshsawant134@gmail.com)
[debug] [2025-11-09T02:08:16.107Z] [iam] checking project campus-connect-27e8e for permissions ["firebase.projects.get"]
[debug] [2025-11-09T02:08:16.109Z] Checked if tokens are valid: true, expires at: 1762657568322
[debug] [2025-11-09T02:08:16.110Z] Checked if tokens are valid: true, expires at: 1762657568322
[debug] [2025-11-09T02:08:16.110Z] >>> [apiv2][query] POST https://cloudresourcemanager.googleapis.com/v1/projects/campus-connect-27e8e:testIamPermissions [none]
[debug] [2025-11-09T02:08:16.111Z] >>> [apiv2][(partial)header] POST https://cloudresourcemanager.googleapis.com/v1/projects/campus-connect-27e8e:testIamPermissions x-goog-quota-user=projects/campus-connect-27e8e
[debug] [2025-11-09T02:08:16.111Z] >>> [apiv2][body] POST https://cloudresourcemanager.googleapis.com/v1/projects/campus-connect-27e8e:testIamPermissions {"permissions":["firebase.projects.get"]}
[debug] [2025-11-09T02:08:16.128Z] <<< [apiv2][status] GET https://firestore.googleapis.com/v1/projects/campus-connect-27e8e/databases/(default)/collectionGroups/-/fields?filter=indexConfig.usesAncestorConfig=false OR ttlConfig:* 404
[debug] [2025-11-09T02:08:16.129Z] <<< [apiv2][body] GET https://firestore.googleapis.com/v1/projects/campus-connect-27e8e/databases/(default)/collectionGroups/-/fields?filter=indexConfig.usesAncestorConfig=false OR ttlConfig:* {"error":{"code":404,"message":"Project 'campus-connect-27e8e' or database '(default)' does not exist.","status":"NOT_FOUND"}}
